2025-09-03 12:59:11 | INFO | Processing message: Have a great day!
2025-09-03 12:59:12 | INFO | Generated buzz: I love Python!
2025-09-03 12:59:12 | INFO | Processing message: I love Python!
2025-09-03 12:59:12 | INFO | Sent message to topic 'buzzline': I love Python!
2025-09-03 12:59:13 | INFO | Generated buzz: Kafka is awesome.
2025-09-03 12:59:13 | INFO | Sent message to topic 'buzzline': Kafka is awesome.
2025-09-03 12:59:13 | INFO | Processing message: Kafka is awesome.
2025-09-03 12:59:14 | INFO | Generated buzz: Streaming data is fun.
2025-09-03 12:59:14 | INFO | Sent message to topic 'buzzline': Streaming data is fun.
2025-09-03 12:59:14 | INFO | Processing message: Streaming data is fun.
2025-09-03 12:59:15 | INFO | Generated buzz: This is a buzz message.
2025-09-03 12:59:15 | INFO | Sent message to topic 'buzzline': This is a buzz message.
2025-09-03 12:59:15 | INFO | Processing message: This is a buzz message.
2025-09-03 12:59:16 | INFO | Generated buzz: Have a great day!
2025-09-03 12:59:16 | INFO | Sent message to topic 'buzzline': Have a great day!
2025-09-03 12:59:16 | INFO | Processing message: Have a great day!
2025-09-03 12:59:17 | INFO | Generated buzz: I love Python!
2025-09-03 12:59:17 | INFO | Sent message to topic 'buzzline': I love Python!
2025-09-03 12:59:17 | INFO | Processing message: I love Python!
2025-09-03 12:59:18 | INFO | Generated buzz: Kafka is awesome.
2025-09-03 12:59:18 | INFO | Processing message: Kafka is awesome.
2025-09-03 12:59:18 | INFO | Sent message to topic 'buzzline': Kafka is awesome.
2025-09-03 12:59:19 | INFO | Generated buzz: Streaming data is fun.
2025-09-03 12:59:19 | INFO | Sent message to topic 'buzzline': Streaming data is fun.
2025-09-03 12:59:19 | INFO | Processing message: Streaming data is fun.
2025-09-03 12:59:20 | INFO | Generated buzz: This is a buzz message.
2025-09-03 12:59:20 | INFO | Sent message to topic 'buzzline': This is a buzz message.
2025-09-03 12:59:20 | INFO | Processing message: This is a buzz message.
2025-09-03 12:59:21 | INFO | Generated buzz: Have a great day!
2025-09-03 12:59:21 | INFO | Sent message to topic 'buzzline': Have a great day!
2025-09-03 12:59:21 | INFO | Processing message: Have a great day!
2025-09-03 12:59:22 | INFO | Generated buzz: I love Python!
2025-09-03 12:59:22 | INFO | Sent message to topic 'buzzline': I love Python!
2025-09-03 12:59:22 | INFO | Processing message: I love Python!
2025-09-03 12:59:23 | INFO | Generated buzz: Kafka is awesome.
2025-09-03 12:59:23 | INFO | Sent message to topic 'buzzline': Kafka is awesome.
2025-09-03 12:59:23 | INFO | Processing message: Kafka is awesome.
2025-09-03 12:59:24 | INFO | Generated buzz: Streaming data is fun.
2025-09-03 12:59:24 | INFO | Sent message to topic 'buzzline': Streaming data is fun.
2025-09-03 12:59:24 | INFO | Processing message: Streaming data is fun.
2025-09-03 12:59:25 | INFO | Generated buzz: This is a buzz message.
2025-09-03 12:59:25 | INFO | Processing message: This is a buzz message.
2025-09-03 12:59:25 | INFO | Sent message to topic 'buzzline': This is a buzz message.
2025-09-03 12:59:26 | INFO | Generated buzz: Have a great day!
2025-09-03 12:59:26 | INFO | Processing message: Have a great day!
2025-09-03 12:59:26 | INFO | Sent message to topic 'buzzline': Have a great day!
2025-09-03 12:59:27 | INFO | Generated buzz: I love Python!
2025-09-03 12:59:27 | INFO | Sent message to topic 'buzzline': I love Python!
2025-09-03 12:59:27 | INFO | Processing message: I love Python!
2025-09-03 12:59:28 | INFO | Generated buzz: Kafka is awesome.
2025-09-03 12:59:28 | INFO | Processing message: Kafka is awesome.
 is awesome.
2025-09-03 12:59:29 | INFO | Generated buzz: Streaming data is fun.
2025-09-03 12:59:29 | INFO | Processing message: Streaming data is fun.
2025-09-03 12:59:29 | INFO | Sent message to topic 'buzzline': Streaming data is fun.
2025-09-03 12:59:29 | WARNING | Consumer interrupted by user.
2025-09-03 12:59:29 | INFO | Kafka consumer for topic 'buzzline' closed.
2025-09-03 12:59:29 | INFO | END consumer for topic 'buzzline' and group 'default_group'.
2025-09-03 12:59:30 | INFO | Generated buzz: This is a buzz message.
2025-09-03 12:59:30 | INFO | Sent message to topic 'buzzline': This is a buzz message.
2025-09-03 12:59:31 | INFO | Generated buzz: Have a great day!
2025-09-03 12:59:31 | INFO | Sent message to topic 'buzzline': Have a great day!
2025-09-03 12:59:32 | INFO | Generated buzz: I love Python!
2025-09-03 12:59:32 | INFO | Sent message to topic 'buzzline': I love Python!
2025-09-03 12:59:33 | INFO | Generated buzz: Kafka is awesome.
2025-09-03 12:59:33 | INFO | Sent message to topic 'buzzline': Kafka is awesome.
2025-09-03 12:59:34 | INFO | Generated buzz: Streaming data is fun.
2025-09-03 12:59:34 | INFO | Sent message to topic 'buzzline': Streaming data is fun.
2025-09-03 12:59:35 | INFO | Generated buzz: This is a buzz message.
2025-09-03 12:59:35 | INFO | Sent message to topic 'buzzline': This is a buzz message.
2025-09-03 12:59:36 | INFO | Generated buzz: Have a great day!
2025-09-03 12:59:36 | INFO | Sent message to topic 'buzzline': Have a great day!
2025-09-03 12:59:37 | INFO | Generated buzz: I love Python!
2025-09-03 12:59:37 | INFO | Sent message to topic 'buzzline': I love Python!
2025-09-03 12:59:38 | INFO | Generated buzz: Kafka is awesome.
2025-09-03 12:59:38 | INFO | Sent message to topic 'buzzline': Kafka is awesome.
2025-09-03 12:59:39 | INFO | Generated buzz: Streaming data is fun.
2025-09-03 12:59:39 | INFO | Sent message to topic 'buzzline': Streaming data is fun.
2025-09-03 12:59:40 | INFO | Generated buzz: This is a buzz message.
2025-09-03 12:59:40 | INFO | Sent message to topic 'buzzline': This is a buzz message.
2025-09-03 12:59:41 | INFO | Generated buzz: Have a great day!
2025-09-03 12:59:41 | INFO | Sent message to topic 'buzzline': Have a great day!
2025-09-03 12:59:42 | INFO | Generated buzz: I love Python!
2025-09-03 12:59:42 | INFO | Sent message to topic 'buzzline': I love Python!
2025-09-03 12:59:43 | INFO | Generated buzz: Kafka is awesome.
2025-09-03 12:59:43 | INFO | Sent message to topic 'buzzline': Kafka is awesome.
2025-09-03 12:59:44 | INFO | Generated buzz: Streaming data is fun.
2025-09-03 12:59:44 | INFO | Sent message to topic 'buzzline': Streaming data is fun.
2025-09-03 12:59:45 | INFO | Generated buzz: This is a buzz message.
2025-09-03 12:59:45 | INFO | Sent message to topic 'buzzline': This is a buzz message.
2025-09-03 12:59:46 | INFO | Generated buzz: Have a great day!
2025-09-03 12:59:46 | INFO | Sent message to topic 'buzzline': Have a great day!
2025-09-03 12:59:47 | INFO | Generated buzz: I love Python!
2025-09-03 12:59:47 | INFO | Sent message to topic 'buzzline': I love Python!
2025-09-03 12:59:48 | INFO | Generated buzz: Kafka is awesome.
2025-09-03 12:59:48 | INFO | Sent message to topic 'buzzline': Kafka is awesome.
2025-09-03 12:59:48 | WARNING | Producer interrupted by user.
2025-09-03 12:59:48 | INFO | Kafka producer closed.
2025-09-03 12:59:48 | INFO | END producer.
